Change Value of Parameter Value in Part C1 Old=10pF New==Comment
Change Value of Parameter Value in Part C2 Old=100pF New==Comment
Change Value of Parameter Value in Part C3 Old=100pF New==Comment
Change Value of Parameter Value in Part C4 Old=100pF New==Comment
Change Value of Parameter Value in Part C5 Old=100pF New==Comment
Change Value of Parameter Value in Part C6 Old=100pF New==Comment
Change Value of Parameter Value in Part C7 Old=100pF New==Comment
Change Value of Parameter Value in Part C8 Old=100pF New==Comment
Change Value of Parameter Value in Part C9 Old=100pF New==Comment
Change Value of Parameter Value in Part C10 Old=100pF New==Comment
Change Value of Parameter Value in Part C11 Old=100pF New==Comment
Change Value of Parameter Value in Part C12 Old=100pF New==Comment
Change Value of Parameter Value in Part C13 Old=100pF New==Comment
Change Value of Parameter Value in Part C14 Old=100pF New==Comment
Change Value of Parameter Value in Part C15 Old=100pF New==Comment
Change Value of Parameter Value in Part C24 Old=100pF New==Comment
Change Value of Parameter Value in Part C25 Old=100pF New==Comment
Change Value of Parameter Value in Part C26 Old=100pF New==Comment
Change Value of Parameter Value in Part C27 Old=100pF New==Comment
Change Value of Parameter Value in Part C28 Old=100pF New==Comment
Change Value of Parameter Value in Part C29 Old=100pF New==Comment
Change Value of Parameter Value in Part C30 Old=100pF New==Comment
Change Value of Parameter Value in Part C31 Old=100pF New==Comment
Change Value of Parameter Value in Part C34 Old=100pF New==Comment
Change Value of Parameter Value in Part C35 Old=100pF New==Comment
Change Value of Parameter Value in Part L1 Old=10mH New==Comment
Change Value of Parameter Value in Part L2 Old=10mH New==Comment
Change Value of Parameter Value in Part R1 Old=4K7 New==Comment
Change Value of Parameter Value in Part R2 Old=4K7 New==Comment
Change Value of Parameter Value in Part R3 Old=4K7 New==Comment
Change Value of Parameter Value in Part R6 Old=4K7 New==Comment
Change Value of Parameter Value in Part R7 Old=4K7 New==Comment
Change Value of Parameter Value in Part R8 Old=4K7 New==Comment
Change Value of Parameter Value in Part R9 Old=4K7 New==Comment
Change Value of Parameter Value in Part R10 Old=4K7 New==Comment
Change Value of Parameter Value in Part R11 Old=4K7 New==Comment
Change Value of Parameter Value in Part R12 Old=4K7 New==Comment
Change Value of Parameter Value in Part R13 Old=4K7 New==Comment
Change Value of Parameter Value in Part R14 Old=4K7 New==Comment
Change Value of Parameter Value in Part R15 Old=4K7 New==Comment
Change Value of Parameter Value in Part R16 Old=4K7 New==Comment
Change Value of Parameter Value in Part R17 Old=4K7 New==Comment
Change Value of Parameter Value in Part R18 Old=4K7 New==Comment
Change Value of Parameter Value in Part R19 Old=4K7 New==Comment
Change Value of Parameter Value in Part R20 Old=4K7 New==Comment
Change Value of Parameter Value in Part R21 Old=4K7 New==Comment
Change Value of Parameter Value in Part R24 Old=4K7 New==Comment
Change Value of Parameter Value in Part R25 Old=4K7 New==Comment
Added Parameter Value==Comment to Part D3
Added Parameter Value==Comment to Part D4
Added Parameter Value==Comment to Part H1
Added Parameter Value==Comment to Part H2
Added Parameter Value==Comment to Part J6
Added Parameter Value==Comment to Part J9
Added Parameter Value==Comment to Part J10
Added Parameter Value==Comment to Part SW1
Added Parameter Value==Comment to Part SW2
Added Parameter Value==Comment to Part SW3
Added Parameter Value==Comment to Part U1
Added Parameter Value==Comment to Part U2
Added Parameter Value==Comment to Part U3
Added Parameter Value==Comment to Part U4
Added Parameter Value==Comment to Part U6
Added Parameter Value==Comment to Part Y1
Added Parameter Value==Comment to Part Y2
