Change Value of Parameter Manufacturer in Part D3 Old=Generic Components New=ROHM
Change Value of Parameter Value in Part D3 Old=Diode New=LED (SM)
Change Value of Parameter Manufacturer in Part D4 Old=Generic Components New=ROHM
Change Value of Parameter Value in Part D4 Old=Diode New=LED (SM)
Change Value of Parameter Manufacturer in Part L1 Old=Generic Components New=SAMSUNG
Change Value of Parameter Manufacturer in Part L2 Old=Generic Components New=SAMSUNG
Change Value of Parameter Manufacturer in Part R1 Old=Generic Components New=YAGEO
Change Value of Parameter Manufacturer in Part R2 Old=Generic Components New=YAGEO
Change Value of Parameter Manufacturer in Part R3 Old=Generic Components New=YAGEO
Change Value of Parameter Manufacturer in Part R6 Old=Generic Components New=YAGEO
Change Value of Parameter Manufacturer in Part R7 Old=Generic Components New=YAGEO
Change Value of Parameter Manufacturer in Part R8 Old=Generic Components New=YAGEO
Change Value of Parameter Manufacturer in Part R9 Old=Generic Components New=YAGEO
Change Value of Parameter Manufacturer in Part R10 Old=Generic Components New=VISHAY
Change Value of Parameter Manufacturer in Part R11 Old=Generic Components New=YAGEO
Change Value of Parameter Manufacturer in Part R12 Old=Generic Components New=YAGEO
Change Value of Parameter Manufacturer in Part R13 Old=Generic Components New=YAGEO
Change Value of Parameter Manufacturer in Part R14 Old=Generic Components New=YAGEO
Change Value of Parameter Manufacturer in Part R15 Old=Generic Components New=YAGEO
Change Value of Parameter Manufacturer in Part R16 Old=Generic Components New=YAGEO
Change Value of Parameter Manufacturer in Part R17 Old=Generic Components New=YAGEO
Change Value of Parameter Manufacturer in Part R18 Old=Generic Components New=YAGEO
Change Value of Parameter Manufacturer in Part R19 Old=Generic Components New=YAGEO
Change Value of Parameter Manufacturer in Part R20 Old=Generic Components New=YAGEO
Change Value of Parameter Manufacturer in Part R21 Old=Generic Components New=YAGEO
Change Value of Parameter Manufacturer in Part R24 Old=Generic Components New=YAGEO
Change Value of Parameter Manufacturer in Part R25 Old=Generic Components New=YAGEO
Change Value of Parameter Value in Part Y2 Old=XTAL New=14.31818MHZ , 20ppm, 18pf
Added Parameter Class=AMPHENOL to Part J6
Added Parameter Manufacturer=10104111-0001LF to Part J6
Added Parameter Manufacturer=ABRACON to Part Y1
Added Parameter Manufacturer=ABRACON to Part Y2
Added Parameter Manufacturer=LINEAR TECHNOLOGY to Part U2
Added Parameter Manufacturer=OMRON ELECRONICS to Part SW1
Added Parameter Manufacturer=OMRON ELECRONICS to Part SW2
Added Parameter Manufacturer=OMRON ELECRONICS to Part SW3
Added Parameter Manufacturer=RICHTEK to Part U4
Added Parameter Manufacturer=STMicroelectronics to Part U3
Added Parameter Manufacturer=TEXAS INSTRUMENTS to Part U6
Added Parameter P/N=ABM8-14.31818MHZ-B2-T to Part Y2
Added Parameter P/N=ASEMB-25.000MHZ-LC to Part Y1
Added Parameter P/N=B3U-3000P to Part SW1
Added Parameter P/N=B3U-3000P to Part SW2
Added Parameter P/N=B3U-3000P to Part SW3
Added Parameter P/N=CIG22B4R7MNE to Part L2
Added Parameter P/N=CIG22L100MNE to Part L1
Added Parameter P/N=LTC3553EUD#PBF to Part U2
Added Parameter P/N=NTHS0603N01N1003F to Part R10
Added Parameter P/N=RC0402FR-0710KL to Part R6
Added Parameter P/N=RC0402FR-0710KL to Part R8
Added Parameter P/N=RC0402FR-0710KL to Part R20
Added Parameter P/N=RC0603FR-072K2L to Part R1
Added Parameter P/N=RC0603FR-072K2L to Part R2
Added Parameter P/N=RC0603FR-072K2L to Part R19
Added Parameter P/N=RC0603FR-072K2L to Part R21
Added Parameter P/N=RC0603FR-07100KL to Part R3
Added Parameter P/N=RC0603FR-07100KL to Part R7
Added Parameter P/N=RC0603FR-07100KL to Part R11
Added Parameter P/N=RC0603FR-07100KL to Part R12
Added Parameter P/N=RC0603FR-07100KL to Part R13
Added Parameter P/N=RC0603FR-07100KL to Part R15
Added Parameter P/N=RC0603FR-07102KL to Part R25
Added Parameter P/N=RC0603FR-07332KL to Part R14
Added Parameter P/N=RC0603FR-07332KL to Part R16
Added Parameter P/N=RC0603FR-07510RL to Part R24
Added Parameter P/N=RC0603FR-07649KL to Part R18
Added Parameter P/N=RC0603FR-07806KL to Part R17
Added Parameter P/N=RC0805FR-071K87L to Part R9
Added Parameter P/N=RT6150A/B to Part U4
Added Parameter P/N=SMLP13WBC8W1 to Part D3
Added Parameter P/N=SMLP13WBC8W1 to Part D4
Added Parameter P/N=STM32F411CEU6 to Part U3
Added Parameter P/N=TMP007A1YZF to Part U6
