Added Component: Designator=C1(CAP-SMD0603)
Added Component: Designator=C2(CAP-SMD0603)
Added Component: Designator=C3(CAP-SMD0805)
Added Component: Designator=C4(CAP-SMD0805)
Added Component: Designator=C5(SMD0402)
Added Component: Designator=C6(SMD0402)
Added Component: Designator=C7(SMD0402)
Added Component: Designator=C8(SMD0402)
Added Component: Designator=C9(SMD0402)
Added Component: Designator=C10(CAP-SMD0805)
Added Component: Designator=C11(CAP-SMD0603)
Added Component: Designator=C12(SMD0402)
Added Component: Designator=C13(SMD0402)
Added Component: Designator=C14(SMD0402)
Added Component: Designator=C15(SMD0402)
Added Component: Designator=C24(CAP-SMD0805)
Added Component: Designator=C25(CAP-SMD0603)
Added Component: Designator=C26(SMD0402)
Added Component: Designator=C27(CAP-SMD0805)
Added Component: Designator=C28(CAP-SMD0603)
Added Component: Designator=C29(CAP-SMD0805)
Added Component: Designator=C30(CAP-SMD0603)
Added Component: Designator=C31(SMD0402)
Added Component: Designator=C34(CAP-SMD0603)
Added Component: Designator=C35(CAP-SMD0603)
Added Component: Designator=D3(SMD0402)
Added Component: Designator=D4(SMD0402)
Added Component: Designator=H1(port)
Added Component: Designator=H2(port)
Added Component: Designator=J6(MIicro-USB)
Added Component: Designator=J9(HDR1X14)
Added Component: Designator=L1(2520)
Added Component: Designator=L2(2520)
Added Component: Designator=P?(HDR1X2)
Added Component: Designator=R1(SMD0603)
Added Component: Designator=R2(SMD0805)
Added Component: Designator=R3(SMD0603)
Added Component: Designator=R6(SMD0402)
Added Component: Designator=R7(SMD0603)
Added Component: Designator=R8(SMD0402)
Added Component: Designator=R9(SMD0805)
Added Component: Designator=R10(SMD0603)
Added Component: Designator=R11(SMD0603)
Added Component: Designator=R12(SMD0603)
Added Component: Designator=R13(SMD0603)
Added Component: Designator=R14(SMD1206)
Added Component: Designator=R15(SMD0603)
Added Component: Designator=R16(SMD0603)
Added Component: Designator=R17(SMD0603)
Added Component: Designator=R18(SMD0603)
Added Component: Designator=R19(SMD0805)
Added Component: Designator=R20(SMD0402)
Added Component: Designator=R21(SMD0603)
Added Component: Designator=R24(SMD0603)
Added Component: Designator=R25(SMD0603)
Added Component: Designator=SW2(B3U-3000P)
Added Component: Designator=SW3(B3U-3000P)
Added Component: Designator=U1(Camera)
Added Component: Designator=U2(QFN20)
Added Component: Designator=U3(QFPN48)
Added Component: Designator=U4(DFN10)
Added Component: Designator=U6(DSBGA)
Added Component: Designator=X?(MC306)
Added Component: Designator=Y1(25MHZ)
Added Pin To Net: NetName=BOOT0 Pin=J9-11
Added Pin To Net: NetName=BOOT0 Pin=R8-2
Added Pin To Net: NetName=BOOT0 Pin=U3-44
Added Net: Name=BOOT0
Added Pin To Net: NetName=BOOT1 Pin=R6-2
Added Pin To Net: NetName=BOOT1 Pin=U3-20
Added Net: Name=BOOT1
Added Pin To Net: NetName=BUCK_ON Pin=U3-41
Added Net: Name=BUCK_ON
Added Pin To Net: NetName=ESP_CH_PD Pin=U3-15
Added Net: Name=ESP_CH_PD
Added Pin To Net: NetName=ESP_GPIO0 Pin=U3-11
Added Net: Name=ESP_GPIO0
Added Pin To Net: NetName=ESP_GPIO2 Pin=U3-10
Added Net: Name=ESP_GPIO2
Added Pin To Net: NetName=ESP_RST Pin=U3-17
Added Net: Name=ESP_RST
Added Pin To Net: NetName=GND Pin=C1-2
Added Pin To Net: NetName=GND Pin=C2-1
Added Pin To Net: NetName=GND Pin=C3-1
Added Pin To Net: NetName=GND Pin=C4-1
Added Pin To Net: NetName=GND Pin=C5-1
Added Pin To Net: NetName=GND Pin=C6-1
Added Pin To Net: NetName=GND Pin=C7-1
Added Pin To Net: NetName=GND Pin=C8-1
Added Pin To Net: NetName=GND Pin=C9-1
Added Pin To Net: NetName=GND Pin=C10-2
Added Pin To Net: NetName=GND Pin=C11-1
Added Pin To Net: NetName=GND Pin=C12-2
Added Pin To Net: NetName=GND Pin=C13-1
Added Pin To Net: NetName=GND Pin=C14-1
Added Pin To Net: NetName=GND Pin=C15-1
Added Pin To Net: NetName=GND Pin=C24-2
Added Pin To Net: NetName=GND Pin=C25-2
Added Pin To Net: NetName=GND Pin=C26-1
Added Pin To Net: NetName=GND Pin=C27-1
Added Pin To Net: NetName=GND Pin=C29-1
Added Pin To Net: NetName=GND Pin=C30-1
Added Pin To Net: NetName=GND Pin=C31-1
Added Pin To Net: NetName=GND Pin=C34-1
Added Pin To Net: NetName=GND Pin=C35-1
Added Pin To Net: NetName=GND Pin=H2-1
Added Pin To Net: NetName=GND Pin=J6-5
Added Pin To Net: NetName=GND Pin=J9-12
Added Pin To Net: NetName=GND Pin=J9-13
Added Pin To Net: NetName=GND Pin=J9-14
Added Pin To Net: NetName=GND Pin=P?-2
Added Pin To Net: NetName=GND Pin=R6-1
Added Pin To Net: NetName=GND Pin=R8-1
Added Pin To Net: NetName=GND Pin=R9-2
Added Pin To Net: NetName=GND Pin=R10-2
Added Pin To Net: NetName=GND Pin=R17-2
Added Pin To Net: NetName=GND Pin=R18-2
Added Pin To Net: NetName=GND Pin=R25-1
Added Pin To Net: NetName=GND Pin=SW2-1
Added Pin To Net: NetName=GND Pin=SW3-1
Added Pin To Net: NetName=GND Pin=U2-2
Added Pin To Net: NetName=GND Pin=U2-6
Added Pin To Net: NetName=GND Pin=U3-8
Added Pin To Net: NetName=GND Pin=U3-23
Added Pin To Net: NetName=GND Pin=U3-35
Added Pin To Net: NetName=GND Pin=U3-47
Added Pin To Net: NetName=GND Pin=U3-49
Added Pin To Net: NetName=GND Pin=U6-A1
Added Pin To Net: NetName=GND Pin=U6-A2
Added Pin To Net: NetName=GND Pin=U6-B1
Added Pin To Net: NetName=GND Pin=U6-C1
Added Pin To Net: NetName=GND Pin=X?-2
Added Pin To Net: NetName=GND Pin=X?-4
Added Pin To Net: NetName=GND Pin=Y1-2
Added Net: Name=GND
Added Pin To Net: NetName=LDO_ON Pin=U3-43
Added Net: Name=LDO_ON
Added Pin To Net: NetName=LEPTON_GPIO3 Pin=U1-2
Added Pin To Net: NetName=LEPTON_GPIO3 Pin=U3-2
Added Net: Name=LEPTON_GPIO3
Added Pin To Net: NetName=LEPTON_PW_DWN_L Pin=R3-1
Added Pin To Net: NetName=LEPTON_PW_DWN_L Pin=U1-23
Added Pin To Net: NetName=LEPTON_PW_DWN_L Pin=U3-29
Added Net: Name=LEPTON_PW_DWN_L
Added Pin To Net: NetName=LEPTON_RESET_L Pin=C11-2
Added Pin To Net: NetName=LEPTON_RESET_L Pin=R20-1
Added Pin To Net: NetName=LEPTON_RESET_L Pin=U1-24
Added Pin To Net: NetName=LEPTON_RESET_L Pin=U3-30
Added Net: Name=LEPTON_RESET_L
Added Pin To Net: NetName=MASTER_CLK Pin=U1-26
Added Pin To Net: NetName=MASTER_CLK Pin=Y1-3
Added Net: Name=MASTER_CLK
Added Pin To Net: NetName=NetC1_1 Pin=C1-1
Added Pin To Net: NetName=NetC1_1 Pin=U3-6
Added Pin To Net: NetName=NetC1_1 Pin=X?-3
Added Net: Name=NetC1_1
Added Pin To Net: NetName=NetC2_2 Pin=C2-2
Added Pin To Net: NetName=NetC2_2 Pin=U3-5
Added Pin To Net: NetName=NetC2_2 Pin=X?-1
Added Net: Name=NetC2_2
Added Pin To Net: NetName=NetC26_2 Pin=C26-2
Added Pin To Net: NetName=NetC26_2 Pin=SW2-2
Added Pin To Net: NetName=NetC26_2 Pin=U3-7
Added Net: Name=NetC26_2
Added Pin To Net: NetName=NetC28_1 Pin=C28-1
Added Pin To Net: NetName=NetC28_1 Pin=R16-2
Added Pin To Net: NetName=NetC28_1 Pin=R18-1
Added Pin To Net: NetName=NetC28_1 Pin=U2-8
Added Net: Name=NetC28_1
Added Pin To Net: NetName=NetC34_2 Pin=C34-2
Added Pin To Net: NetName=NetC34_2 Pin=U3-22
Added Net: Name=NetC34_2
Added Pin To Net: NetName=NetD3_2 Pin=D3-2
Added Pin To Net: NetName=NetD3_2 Pin=R21-2
Added Net: Name=NetD3_2
Added Pin To Net: NetName=NetD4_2 Pin=D4-2
Added Pin To Net: NetName=NetD4_2 Pin=R1-1
Added Net: Name=NetD4_2
Added Pin To Net: NetName=NetL1_1 Pin=L1-1
Added Pin To Net: NetName=NetL1_1 Pin=U2-13
Added Net: Name=NetL1_1
Added Pin To Net: NetName=NetL2_1 Pin=L2-1
Added Pin To Net: NetName=NetL2_1 Pin=U4-4
Added Net: Name=NetL2_1
Added Pin To Net: NetName=NetL2_2 Pin=L2-2
Added Pin To Net: NetName=NetL2_2 Pin=U4-2
Added Net: Name=NetL2_2
Added Pin To Net: NetName=NetR1_2 Pin=R1-2
Added Pin To Net: NetName=NetR1_2 Pin=U2-14
Added Net: Name=NetR1_2
Added Pin To Net: NetName=NetR7_2 Pin=R7-2
Added Pin To Net: NetName=NetR7_2 Pin=R10-1
Added Pin To Net: NetName=NetR7_2 Pin=U2-15
Added Net: Name=NetR7_2
Added Pin To Net: NetName=NetR9_1 Pin=R9-1
Added Pin To Net: NetName=NetR9_1 Pin=U2-16
Added Net: Name=NetR9_1
Added Pin To Net: NetName=NetR11_2 Pin=R11-2
Added Pin To Net: NetName=NetR11_2 Pin=U2-1
Added Net: Name=NetR11_2
Added Pin To Net: NetName=NetR12_2 Pin=R12-2
Added Pin To Net: NetName=NetR12_2 Pin=U2-5
Added Net: Name=NetR12_2
Added Pin To Net: NetName=NetR13_2 Pin=R13-2
Added Pin To Net: NetName=NetR13_2 Pin=U2-7
Added Net: Name=NetR13_2
Added Pin To Net: NetName=NetR14_2 Pin=R14-2
Added Pin To Net: NetName=NetR14_2 Pin=R17-1
Added Pin To Net: NetName=NetR14_2 Pin=U2-9
Added Net: Name=NetR14_2
Added Pin To Net: NetName=NetR24_1 Pin=R24-1
Added Pin To Net: NetName=NetR24_1 Pin=R25-2
Added Pin To Net: NetName=NetR24_1 Pin=U4-10
Added Net: Name=NetR24_1
Added Pin To Net: NetName=NetSW3_2 Pin=SW3-2
Added Pin To Net: NetName=NetSW3_2 Pin=U2-4
Added Net: Name=NetSW3_2
Added Pin To Net: NetName=NetU1_1 Pin=U1-1
Added Pin To Net: NetName=NetU1_1 Pin=U1-6
Added Pin To Net: NetName=NetU1_1 Pin=U1-8
Added Pin To Net: NetName=NetU1_1 Pin=U1-9
Added Pin To Net: NetName=NetU1_1 Pin=U1-10
Added Pin To Net: NetName=NetU1_1 Pin=U1-15
Added Pin To Net: NetName=NetU1_1 Pin=U1-18
Added Pin To Net: NetName=NetU1_1 Pin=U1-20
Added Pin To Net: NetName=NetU1_1 Pin=U1-25
Added Pin To Net: NetName=NetU1_1 Pin=U1-27
Added Pin To Net: NetName=NetU1_1 Pin=U1-30
Added Pin To Net: NetName=NetU1_1 Pin=U1-33
Added Pin To Net: NetName=NetU1_1 Pin=U1-33
Added Pin To Net: NetName=NetU1_1 Pin=U1-33
Added Pin To Net: NetName=NetU1_1 Pin=U1-33
Added Net: Name=NetU1_1
Added Pin To Net: NetName=NetU4_3 Pin=U4-3
Added Pin To Net: NetName=NetU4_3 Pin=U4-7
Added Pin To Net: NetName=NetU4_3 Pin=U4-9
Added Net: Name=NetU4_3
Added Pin To Net: NetName=OTG_FS_D_N Pin=J6-2
Added Pin To Net: NetName=OTG_FS_D_N Pin=U3-33
Added Net: Name=OTG_FS_D_N
Added Pin To Net: NetName=OTG_FS_D_P Pin=J6-3
Added Pin To Net: NetName=OTG_FS_D_P Pin=U3-32
Added Net: Name=OTG_FS_D_P
Added Pin To Net: NetName=PA2_USART2_RX Pin=J9-8
Added Pin To Net: NetName=PA2_USART2_RX Pin=U3-13
Added Net: Name=PA2_USART2_RX
Added Pin To Net: NetName=PA2_USART2_TX Pin=J9-7
Added Pin To Net: NetName=PA2_USART2_TX Pin=U3-12
Added Net: Name=PA2_USART2_TX
Added Pin To Net: NetName=PB_STAT Pin=R15-2
Added Pin To Net: NetName=PB_STAT Pin=U2-3
Added Pin To Net: NetName=PB_STAT Pin=U3-14
Added Net: Name=PB_STAT
Added Pin To Net: NetName=SCL Pin=J9-9
Added Pin To Net: NetName=SCL Pin=R19-1
Added Pin To Net: NetName=SCL Pin=U1-21
Added Pin To Net: NetName=SCL Pin=U3-45
Added Pin To Net: NetName=SCL Pin=U6-B3
Added Net: Name=SCL
Added Pin To Net: NetName=SDA Pin=J9-10
Added Pin To Net: NetName=SDA Pin=R2-1
Added Pin To Net: NetName=SDA Pin=U1-22
Added Pin To Net: NetName=SDA Pin=U3-46
Added Pin To Net: NetName=SDA Pin=U6-C3
Added Net: Name=SDA
Added Pin To Net: NetName=SPI_CLK Pin=U1-13
Added Pin To Net: NetName=SPI_CLK Pin=U3-26
Added Net: Name=SPI_CLK
Added Pin To Net: NetName=SPI_CS Pin=U1-14
Added Pin To Net: NetName=SPI_CS Pin=U3-25
Added Net: Name=SPI_CS
Added Pin To Net: NetName=SPI_MISO Pin=U1-12
Added Pin To Net: NetName=SPI_MISO Pin=U3-27
Added Net: Name=SPI_MISO
Added Pin To Net: NetName=SPI_MOSI Pin=U1-11
Added Pin To Net: NetName=SPI_MOSI Pin=U3-28
Added Net: Name=SPI_MOSI
Added Pin To Net: NetName=STM32_NRESET Pin=J9-2
Added Net: Name=STM32_NRESET
Added Pin To Net: NetName=SYSTEM_LED Pin=R21-1
Added Pin To Net: NetName=SYSTEM_LED Pin=U3-16
Added Net: Name=SYSTEM_LED
Added Pin To Net: NetName=TCK-SWCLK Pin=J9-3
Added Pin To Net: NetName=TCK-SWCLK Pin=U3-37
Added Net: Name=TCK-SWCLK
Added Pin To Net: NetName=TDI Pin=J9-6
Added Pin To Net: NetName=TDI Pin=U3-38
Added Net: Name=TDI
Added Pin To Net: NetName=TDO Pin=J9-4
Added Pin To Net: NetName=TDO Pin=U3-39
Added Net: Name=TDO
Added Pin To Net: NetName=TIM2_CH3 Pin=U3-21
Added Net: Name=TIM2_CH3
Added Pin To Net: NetName=TIM3_CH3 Pin=U3-18
Added Net: Name=TIM3_CH3
Added Pin To Net: NetName=TIM3_CH4 Pin=U3-19
Added Net: Name=TIM3_CH4
Added Pin To Net: NetName=TIM4_CH1 Pin=U3-42
Added Net: Name=TIM4_CH1
Added Pin To Net: NetName=TMS-SWDIO Pin=J9-5
Added Pin To Net: NetName=TMS-SWDIO Pin=U3-34
Added Net: Name=TMS-SWDIO
Added Pin To Net: NetName=USB_ID Pin=J6-4
Added Pin To Net: NetName=USB_ID Pin=U3-31
Added Net: Name=USB_ID
Added Pin To Net: NetName=VCC12 Pin=C7-2
Added Pin To Net: NetName=VCC12 Pin=C28-2
Added Pin To Net: NetName=VCC12 Pin=C29-2
Added Pin To Net: NetName=VCC12 Pin=L1-2
Added Pin To Net: NetName=VCC12 Pin=R16-1
Added Pin To Net: NetName=VCC12 Pin=U1-7
Added Net: Name=VCC12
Added Pin To Net: NetName=VCC28A Pin=C5-2
Added Pin To Net: NetName=VCC28A Pin=C27-2
Added Pin To Net: NetName=VCC28A Pin=C31-2
Added Pin To Net: NetName=VCC28A Pin=R11-1
Added Pin To Net: NetName=VCC28A Pin=R12-1
Added Pin To Net: NetName=VCC28A Pin=R13-1
Added Pin To Net: NetName=VCC28A Pin=R14-1
Added Pin To Net: NetName=VCC28A Pin=U1-19
Added Pin To Net: NetName=VCC28A Pin=U2-10
Added Pin To Net: NetName=VCC28A Pin=U3-9
Added Pin To Net: NetName=VCC28A Pin=U4-6
Added Net: Name=VCC28A
Added Pin To Net: NetName=VCC30_IO Pin=C4-2
Added Pin To Net: NetName=VCC30_IO Pin=C6-2
Added Pin To Net: NetName=VCC30_IO Pin=C8-2
Added Pin To Net: NetName=VCC30_IO Pin=C9-2
Added Pin To Net: NetName=VCC30_IO Pin=C12-1
Added Pin To Net: NetName=VCC30_IO Pin=C13-2
Added Pin To Net: NetName=VCC30_IO Pin=C14-2
Added Pin To Net: NetName=VCC30_IO Pin=C15-2
Added Pin To Net: NetName=VCC30_IO Pin=C30-2
Added Pin To Net: NetName=VCC30_IO Pin=C35-2
Added Pin To Net: NetName=VCC30_IO Pin=D3-1
Added Pin To Net: NetName=VCC30_IO Pin=J9-1
Added Pin To Net: NetName=VCC30_IO Pin=R2-2
Added Pin To Net: NetName=VCC30_IO Pin=R3-2
Added Pin To Net: NetName=VCC30_IO Pin=R15-1
Added Pin To Net: NetName=VCC30_IO Pin=R19-2
Added Pin To Net: NetName=VCC30_IO Pin=R20-2
Added Pin To Net: NetName=VCC30_IO Pin=R24-2
Added Pin To Net: NetName=VCC30_IO Pin=U1-16
Added Pin To Net: NetName=VCC30_IO Pin=U3-1
Added Pin To Net: NetName=VCC30_IO Pin=U3-24
Added Pin To Net: NetName=VCC30_IO Pin=U3-36
Added Pin To Net: NetName=VCC30_IO Pin=U3-48
Added Pin To Net: NetName=VCC30_IO Pin=U4-1
Added Pin To Net: NetName=VCC30_IO Pin=U6-A3
Added Pin To Net: NetName=VCC30_IO Pin=Y1-1
Added Pin To Net: NetName=VCC30_IO Pin=Y1-4
Added Net: Name=VCC30_IO
Added Pin To Net: NetName=VCC_LI_ION Pin=P?-1
Added Pin To Net: NetName=VCC_LI_ION Pin=U2-17
Added Net: Name=VCC_LI_ION
Added Pin To Net: NetName=VCCUSB50 Pin=C24-1
Added Pin To Net: NetName=VCCUSB50 Pin=J6-1
Added Pin To Net: NetName=VCCUSB50 Pin=R7-1
Added Pin To Net: NetName=VCCUSB50 Pin=U2-20
Added Net: Name=VCCUSB50
Added Pin To Net: NetName=VIN Pin=C3-2
Added Pin To Net: NetName=VIN Pin=C10-1
Added Pin To Net: NetName=VIN Pin=C25-1
Added Pin To Net: NetName=VIN Pin=D4-1
Added Pin To Net: NetName=VIN Pin=H1-1
Added Pin To Net: NetName=VIN Pin=U2-11
Added Pin To Net: NetName=VIN Pin=U2-12
Added Pin To Net: NetName=VIN Pin=U2-18
Added Pin To Net: NetName=VIN Pin=U4-5
Added Pin To Net: NetName=VIN Pin=U4-8
Added Net: Name=VIN
Added Class: Name=FILR
