Removed Pin From Net: NetName=VCC30_IO Pin=C3-2
Removed Pin From Net: NetName=VCC30_IO Pin=C7-1
Removed Pin From Net: NetName=VCC28A Pin=C27-2
Removed Pin From Net: NetName=GND Pin=C28-1
Removed Pin From Net: NetName=VCC30_IO Pin=C28-2
Removed Pin From Net: NetName=VCC12 Pin=C29-2
Removed Pin From Net: NetName=VCC30_IO Pin=U1-1
Removed Pin From Net: NetName=LCD_CS Pin=U1-3
Removed Pin From Net: NetName=VCC30_IO Pin=U1-4
Removed Pin From Net: NetName=LCD_DC Pin=U1-5
Removed Pin From Net: NetName=LCD_MOSI Pin=U1-6
Removed Pin From Net: NetName=LCD_SCLK Pin=U1-7
Removed Pin From Net: NetName=NetR1_1 Pin=U1-8
Removed Pin From Net: NetName=VCC30_IO Pin=U2-2
Removed Pin From Net: NetName=VCC30_IO Pin=U2-4
Removed Pin From Net: NetName=VCC30_IO Pin=U2-13
Removed Pin From Net: NetName=VCC30_IO Pin=U3-A3
Removed Pin From Net: NetName=VCC12 Pin=U4-7
Removed Pin From Net: NetName=VCC30_IO Pin=U4-16
Removed Pin From Net: NetName=VCC28A Pin=U4-19
Change Component DesignItemId : Designator=U1 Old DesignItemId=1.8_TFT_8PIN_ST7735 New DesignItemId=1_8_TFT_ST7735S_18PIN_NOPCB
Change Component Comment : Designator=U1 Old Comment=1.8_TFT_8PIN_ST7735 New Comment=1_8_TFT_ST7735S_18PIN_NOPCB
Change Component Library : Designator=U1 Old Library=1.8_TFT_14pin_ST7735_Rev.SchLib New Library=HV9006_MEASUREBOARD.SCHLIB
Added Component: Designator=U8(SOT23-5)
Added Component: Designator=U9(SOT23-5)
Added Component: Designator=U10(SOT23-5)
Added Component: Designator=U11(SOT23-5)
Added Component: Designator=U12(SOT23-5)
Added Component: Designator=U13(SOT23-5)
Added Pin To Net: NetName=GND Pin=C28-2
Added Pin To Net: NetName=GND Pin=U1-1
Added Pin To Net: NetName=NetR1_1 Pin=U1-3
Added Pin To Net: NetName=GND Pin=U1-4
Added Pin To Net: NetName=LCD_DC Pin=U1-6
Added Pin To Net: NetName=LCD_MOSI Pin=U1-7
Added Pin To Net: NetName=LCD_SCLK Pin=U1-8
Added Pin To Net: NetName=GND Pin=U8-2
Added Pin To Net: NetName=VCC30_IO Pin=U8-5
Added Pin To Net: NetName=GND Pin=U9-2
Added Pin To Net: NetName=VCC30_IO Pin=U9-5
Added Pin To Net: NetName=GND Pin=U10-2
Added Pin To Net: NetName=VCC30_IO Pin=U10-5
Added Pin To Net: NetName=GND Pin=U11-2
Added Pin To Net: NetName=VCC12 Pin=U11-5
Added Pin To Net: NetName=GND Pin=U12-2
Added Pin To Net: NetName=VCC28A Pin=U12-5
Added Pin To Net: NetName=GND Pin=U13-2
Added Pin To Net: NetName=VCC30_IO Pin=U13-5
Change Net Name : Old Net Name=COMP_SCL New Net Name=SCL
Change Net Name : Old Net Name=COMP_SDA New Net Name=SDA
Added Pin To Net: NetName=LCD_RST Pin=U1-5
Added Pin To Net: NetName=LCD_RST Pin=U5-3
Added Net: Name=LCD_RST
Added Pin To Net: NetName=PWR_CTRL Pin=U5-42
Added Pin To Net: NetName=PWR_CTRL Pin=U8-3
Added Pin To Net: NetName=PWR_CTRL Pin=U9-3
Added Pin To Net: NetName=PWR_CTRL Pin=U10-3
Added Pin To Net: NetName=PWR_CTRL Pin=U11-3
Added Pin To Net: NetName=PWR_CTRL Pin=U12-3
Added Pin To Net: NetName=PWR_CTRL Pin=U13-3
Added Net: Name=PWR_CTRL
Added Pin To Net: NetName=VCC12_FLIR Pin=C29-2
Added Pin To Net: NetName=VCC12_FLIR Pin=U4-7
Added Pin To Net: NetName=VCC12_FLIR Pin=U11-4
Added Net: Name=VCC12_FLIR
Added Pin To Net: NetName=VCC28A_FLIR Pin=C27-2
Added Pin To Net: NetName=VCC28A_FLIR Pin=U4-19
Added Pin To Net: NetName=VCC28A_FLIR Pin=U12-4
Added Net: Name=VCC28A_FLIR
Added Pin To Net: NetName=VCC30_IO_CMPAS Pin=C7-1
Added Pin To Net: NetName=VCC30_IO_CMPAS Pin=U2-2
Added Pin To Net: NetName=VCC30_IO_CMPAS Pin=U2-4
Added Pin To Net: NetName=VCC30_IO_CMPAS Pin=U2-13
Added Pin To Net: NetName=VCC30_IO_CMPAS Pin=U8-4
Added Net: Name=VCC30_IO_CMPAS
Added Pin To Net: NetName=VCC30_IO_FLIR Pin=C28-1
Added Pin To Net: NetName=VCC30_IO_FLIR Pin=U4-16
Added Pin To Net: NetName=VCC30_IO_FLIR Pin=U10-4
Added Net: Name=VCC30_IO_FLIR
Added Pin To Net: NetName=VCC30_IO_LCD Pin=U9-4
Added Net: Name=VCC30_IO_LCD
Added Pin To Net: NetName=VCC30_IO_TMP Pin=C3-2
Added Pin To Net: NetName=VCC30_IO_TMP Pin=U3-A3
Added Pin To Net: NetName=VCC30_IO_TMP Pin=U13-4
Added Net: Name=VCC30_IO_TMP
Added Member To Class: ClassName=FILR Member=Component U8 TPS2829
Added Member To Class: ClassName=FILR Member=Component U9 TPS2829
Added Member To Class: ClassName=FILR Member=Component U10 TPS2829
Added Member To Class: ClassName=FILR Member=Component U11 TPS2829
Added Member To Class: ClassName=FILR Member=Component U12 TPS2829
Added Member To Class: ClassName=FILR Member=Component U13 TPS2829
