Change Component Designator: OldDesignator=MODE_KEY1 NewDesignator=SW1
Change Component Designator: OldDesignator=ON1 NewDesignator=SW3
Change Component Designator: OldDesignator=RESET NewDesignator=SW2
Change Component Designator: OldDesignator=USB1 NewDesignator=J6
Change Net Name : Old Net Name=NetC1_1 New Net Name=NetC5_1
Change Net Name : Old Net Name=NetC2_2 New Net Name=NetC4_2
Change Net Name : Old Net Name=NetC26_2 New Net Name=NetC7_2
Change Net Name : Old Net Name=NetC28_1 New Net Name=NetC18_1
Change Net Name : Old Net Name=NetC34_2 New Net Name=NetC13_2
Change Net Name : Old Net Name=NetC36_1 New Net Name=NetC1_1
Change Net Name : Old Net Name=NetC36_2 New Net Name=NetC1_2
Change Net Name : Old Net Name=NetC37_1 New Net Name=NetC2_1
Change Net Name : Old Net Name=NetD3_2 New Net Name=NetD1_2
Change Net Name : Old Net Name=NetL1_1 New Net Name=NetL2_1
Change Net Name : Old Net Name=NetL2_1 New Net Name=NetL1_1
Change Net Name : Old Net Name=NetL2_2 New Net Name=NetL1_2
Change Net Name : Old Net Name=NetR7_2 New Net Name=NetR8_1
Change Net Name : Old Net Name=NetR9_1 New Net Name=NetR12_1
Change Net Name : Old Net Name=NetR11_2 New Net Name=NetR5_2
Change Net Name : Old Net Name=NetR13_2 New Net Name=NetR14_2
Change Net Name : Old Net Name=NetR14_2 New Net Name=NetR13_2
Change Net Name : Old Net Name=NetR24_1 New Net Name=NetR9_2
Change Net Name : Old Net Name=NetR26_1 New Net Name=NetR23_1
