Removed Pin From Net: NetName=GND Pin=U4-11
Change Component Footprint: Designator=R14 Old Footprint=SMD1206 New Footprint=RES_SMD_0603
Change Component Comment : Designator=C35 Old Comment=2.2nF New Comment=2.2uF
Added Component: Designator=C36(CAP_SMD_0603)
Added Component: Designator=C37(CAP-SMD0603)
Added Component: Designator=C38(CAP_SMD_0402)
Added Component: Designator=R26(RES_SMD_0603)
Added Component: Designator=R27(RES_SMD_0603)
Added Component: Designator=R28(RES_SMD_0603)
Added Component: Designator=U7(HMC2883_QFN16)
Added Pin To Net: NetName=GND Pin=C37-2
Added Pin To Net: NetName=VCC30_IO Pin=C38-1
Added Pin To Net: NetName=GND Pin=C38-2
Added Pin To Net: NetName=GND Pin=R26-1
Added Pin To Net: NetName=VCC30_IO Pin=R27-2
Added Pin To Net: NetName=VCC30_IO Pin=R28-2
Added Pin To Net: NetName=VCC30_IO Pin=U7-2
Added Pin To Net: NetName=VCC30_IO Pin=U7-4
Added Pin To Net: NetName=GND Pin=U7-9
Added Pin To Net: NetName=GND Pin=U7-11
Added Pin To Net: NetName=VCC30_IO Pin=U7-13
Added Pin To Net: NetName=COMP_SCL Pin=R27-1
Added Pin To Net: NetName=COMP_SCL Pin=U7-1
Added Net: Name=COMP_SCL
Added Pin To Net: NetName=COMP_SDA Pin=R28-1
Added Pin To Net: NetName=COMP_SDA Pin=U7-16
Added Net: Name=COMP_SDA
Added Net: Name=LCD_DC
Added Net: Name=LCD_MOSI
Added Net: Name=LCD_SCLK
Added Pin To Net: NetName=NetC36_1 Pin=C36-1
Added Pin To Net: NetName=NetC36_1 Pin=U7-12
Added Net: Name=NetC36_1
Added Pin To Net: NetName=NetC36_2 Pin=C36-2
Added Pin To Net: NetName=NetC36_2 Pin=U7-8
Added Net: Name=NetC36_2
Added Pin To Net: NetName=NetC37_1 Pin=C37-1
Added Pin To Net: NetName=NetC37_1 Pin=U7-10
Added Net: Name=NetC37_1
Added Pin To Net: NetName=NetR26_2 Pin=R26-2
Added Net: Name=NetR26_2
Added Member To Class: ClassName=FILR Member=Component C36 0.22uF
Added Member To Class: ClassName=FILR Member=Component C37 4.7uF
Added Member To Class: ClassName=FILR Member=Component C38 0.1uF
Added Member To Class: ClassName=FILR Member=Component R26 22
Added Member To Class: ClassName=FILR Member=Component R27 2.2K
Added Member To Class: ClassName=FILR Member=Component R28 2.2K
Added Member To Class: ClassName=FILR Member=Component U7 HMC5883L
