Added Parameter Manufacturer=Honeywell to Part U2
Added Parameter Manufacturer=Linear Technology to Part U6
Added Parameter Manufacturer=Molex,-LLC to Part U4
Added Parameter Manufacturer=Richtek USA Inc. to Part U7
Added Parameter Manufacturer=Texas-Instruments to Part *
Added Parameter Manufacturer=Texas-Instruments to Part *
Added Parameter Manufacturer=Texas-Instruments to Part *
Added Parameter Manufacturer=Texas-Instruments to Part *
Added Parameter Manufacturer=Texas-Instruments to Part *
Added Parameter Manufacturer=Texas-Instruments to Part *
Added Parameter P/N=1050281001 to Part U4
Added Parameter P/N=HMC5883L-TR to Part U2
Added Parameter P/N=LTC3553EUD-2#PBF to Part U6
Added Parameter P/N=RT6150AGQW to Part U7
Added Parameter P/N=TPS2829DBVR to Part *
Added Parameter P/N=TPS2829DBVR to Part *
Added Parameter P/N=TPS2829DBVR to Part *
Added Parameter P/N=TPS2829DBVR to Part *
Added Parameter P/N=TPS2829DBVR to Part *
Added Parameter P/N=TPS2829DBVR to Part *
