Replace Part C1 Cap in E:\CloudDisk\OneDrive\WorkShop\??\FILR\PCB\FILR\FILR.SchDoc with Cap from HV9006_MEASUREBOARD.SCHLIB
Replace Part C2 Cap in E:\CloudDisk\OneDrive\WorkShop\??\FILR\PCB\FILR\FILR.SchDoc with Cap from HV9006_MEASUREBOARD.SCHLIB
Replace Part C3 Cap in E:\CloudDisk\OneDrive\WorkShop\??\FILR\PCB\FILR\FILR.SchDoc with Cap from HV9006_MEASUREBOARD.SCHLIB
Replace Part C4 Cap in E:\CloudDisk\OneDrive\WorkShop\??\FILR\PCB\FILR\FILR.SchDoc with Cap from HV9006_MEASUREBOARD.SCHLIB
Replace Part C5 Cap in E:\CloudDisk\OneDrive\WorkShop\??\FILR\PCB\FILR\FILR.SchDoc with Cap from HV9006_MEASUREBOARD.SCHLIB
Replace Part C6 Cap in E:\CloudDisk\OneDrive\WorkShop\??\FILR\PCB\FILR\FILR.SchDoc with Cap from HV9006_MEASUREBOARD.SCHLIB
Replace Part C7 Cap in E:\CloudDisk\OneDrive\WorkShop\??\FILR\PCB\FILR\FILR.SchDoc with Cap from HV9006_MEASUREBOARD.SCHLIB
Replace Part C8 Cap in E:\CloudDisk\OneDrive\WorkShop\??\FILR\PCB\FILR\FILR.SchDoc with Cap from HV9006_MEASUREBOARD.SCHLIB
Replace Part C9 Cap in E:\CloudDisk\OneDrive\WorkShop\??\FILR\PCB\FILR\FILR.SchDoc with Cap from HV9006_MEASUREBOARD.SCHLIB
Replace Part C10 Cap in E:\CloudDisk\OneDrive\WorkShop\??\FILR\PCB\FILR\FILR.SchDoc with Cap from HV9006_MEASUREBOARD.SCHLIB
Replace Part C11 Cap in E:\CloudDisk\OneDrive\WorkShop\??\FILR\PCB\FILR\FILR.SchDoc with Cap from HV9006_MEASUREBOARD.SCHLIB
Replace Part C12 Cap in E:\CloudDisk\OneDrive\WorkShop\??\FILR\PCB\FILR\FILR.SchDoc with Cap from HV9006_MEASUREBOARD.SCHLIB
Replace Part C13 Cap in E:\CloudDisk\OneDrive\WorkShop\??\FILR\PCB\FILR\FILR.SchDoc with Cap from HV9006_MEASUREBOARD.SCHLIB
Replace Part C14 Cap in E:\CloudDisk\OneDrive\WorkShop\??\FILR\PCB\FILR\FILR.SchDoc with Cap from HV9006_MEASUREBOARD.SCHLIB
Replace Part C15 Cap in E:\CloudDisk\OneDrive\WorkShop\??\FILR\PCB\FILR\FILR.SchDoc with Cap from HV9006_MEASUREBOARD.SCHLIB
Replace Part C24 Cap in E:\CloudDisk\OneDrive\WorkShop\??\FILR\PCB\FILR\FILR.SchDoc with Cap from HV9006_MEASUREBOARD.SCHLIB
Replace Part C25 Cap in E:\CloudDisk\OneDrive\WorkShop\??\FILR\PCB\FILR\FILR.SchDoc with Cap from HV9006_MEASUREBOARD.SCHLIB
Replace Part C26 Cap in E:\CloudDisk\OneDrive\WorkShop\??\FILR\PCB\FILR\FILR.SchDoc with Cap from HV9006_MEASUREBOARD.SCHLIB
Replace Part C27 Cap in E:\CloudDisk\OneDrive\WorkShop\??\FILR\PCB\FILR\FILR.SchDoc with Cap from HV9006_MEASUREBOARD.SCHLIB
Replace Part C28 Cap in E:\CloudDisk\OneDrive\WorkShop\??\FILR\PCB\FILR\FILR.SchDoc with Cap from HV9006_MEASUREBOARD.SCHLIB
Replace Part C29 Cap in E:\CloudDisk\OneDrive\WorkShop\??\FILR\PCB\FILR\FILR.SchDoc with Cap from HV9006_MEASUREBOARD.SCHLIB
Replace Part C30 Cap in E:\CloudDisk\OneDrive\WorkShop\??\FILR\PCB\FILR\FILR.SchDoc with Cap from HV9006_MEASUREBOARD.SCHLIB
Replace Part C31 Cap in E:\CloudDisk\OneDrive\WorkShop\??\FILR\PCB\FILR\FILR.SchDoc with Cap from HV9006_MEASUREBOARD.SCHLIB
Replace Part C34 Cap in E:\CloudDisk\OneDrive\WorkShop\??\FILR\PCB\FILR\FILR.SchDoc with Cap from HV9006_MEASUREBOARD.SCHLIB
Replace Part C35 Cap in E:\CloudDisk\OneDrive\WorkShop\??\FILR\PCB\FILR\FILR.SchDoc with Cap from HV9006_MEASUREBOARD.SCHLIB
Replace Part C36 Cap in E:\CloudDisk\OneDrive\WorkShop\??\FILR\PCB\FILR\FILR.SchDoc with Cap from HV9006_MEASUREBOARD.SCHLIB
Replace Part C37 Cap in E:\CloudDisk\OneDrive\WorkShop\??\FILR\PCB\FILR\FILR.SchDoc with Cap from HV9006_MEASUREBOARD.SCHLIB
Replace Part C38 Cap in E:\CloudDisk\OneDrive\WorkShop\??\FILR\PCB\FILR\FILR.SchDoc with Cap from HV9006_MEASUREBOARD.SCHLIB
Replace Part L1 Inductor in E:\CloudDisk\OneDrive\WorkShop\??\FILR\PCB\FILR\FILR.SchDoc with Inductor from HV9006_MEASUREBOARD.SCHLIB
Replace Part L2 Inductor in E:\CloudDisk\OneDrive\WorkShop\??\FILR\PCB\FILR\FILR.SchDoc with Inductor from HV9006_MEASUREBOARD.SCHLIB
Replace Part R1 Res2 in E:\CloudDisk\OneDrive\WorkShop\??\FILR\PCB\FILR\FILR.SchDoc with Res2 from HV9006_MEASUREBOARD.SCHLIB
Replace Part R2 Res2 in E:\CloudDisk\OneDrive\WorkShop\??\FILR\PCB\FILR\FILR.SchDoc with Res2 from HV9006_MEASUREBOARD.SCHLIB
Replace Part R3 Res2 in E:\CloudDisk\OneDrive\WorkShop\??\FILR\PCB\FILR\FILR.SchDoc with Res2 from HV9006_MEASUREBOARD.SCHLIB
Replace Part R6 Res2 in E:\CloudDisk\OneDrive\WorkShop\??\FILR\PCB\FILR\FILR.SchDoc with Res2 from HV9006_MEASUREBOARD.SCHLIB
Replace Part R7 Res2 in E:\CloudDisk\OneDrive\WorkShop\??\FILR\PCB\FILR\FILR.SchDoc with Res2 from HV9006_MEASUREBOARD.SCHLIB
Replace Part R8 Res2 in E:\CloudDisk\OneDrive\WorkShop\??\FILR\PCB\FILR\FILR.SchDoc with Res2 from HV9006_MEASUREBOARD.SCHLIB
Replace Part R9 Res2 in E:\CloudDisk\OneDrive\WorkShop\??\FILR\PCB\FILR\FILR.SchDoc with Res2 from HV9006_MEASUREBOARD.SCHLIB
Replace Part R10 Res2 in E:\CloudDisk\OneDrive\WorkShop\??\FILR\PCB\FILR\FILR.SchDoc with Res2 from HV9006_MEASUREBOARD.SCHLIB
Replace Part R11 Res2 in E:\CloudDisk\OneDrive\WorkShop\??\FILR\PCB\FILR\FILR.SchDoc with Res2 from HV9006_MEASUREBOARD.SCHLIB
Replace Part R12 Res2 in E:\CloudDisk\OneDrive\WorkShop\??\FILR\PCB\FILR\FILR.SchDoc with Res2 from HV9006_MEASUREBOARD.SCHLIB
Replace Part R13 Res2 in E:\CloudDisk\OneDrive\WorkShop\??\FILR\PCB\FILR\FILR.SchDoc with Res2 from HV9006_MEASUREBOARD.SCHLIB
Replace Part R14 Res2 in E:\CloudDisk\OneDrive\WorkShop\??\FILR\PCB\FILR\FILR.SchDoc with Res2 from HV9006_MEASUREBOARD.SCHLIB
Replace Part R15 Res2 in E:\CloudDisk\OneDrive\WorkShop\??\FILR\PCB\FILR\FILR.SchDoc with Res2 from HV9006_MEASUREBOARD.SCHLIB
Replace Part R16 Res2 in E:\CloudDisk\OneDrive\WorkShop\??\FILR\PCB\FILR\FILR.SchDoc with Res2 from HV9006_MEASUREBOARD.SCHLIB
Replace Part R17 Res2 in E:\CloudDisk\OneDrive\WorkShop\??\FILR\PCB\FILR\FILR.SchDoc with Res2 from HV9006_MEASUREBOARD.SCHLIB
Replace Part R18 Res2 in E:\CloudDisk\OneDrive\WorkShop\??\FILR\PCB\FILR\FILR.SchDoc with Res2 from HV9006_MEASUREBOARD.SCHLIB
Replace Part R19 Res2 in E:\CloudDisk\OneDrive\WorkShop\??\FILR\PCB\FILR\FILR.SchDoc with Res2 from HV9006_MEASUREBOARD.SCHLIB
Replace Part R20 Res2 in E:\CloudDisk\OneDrive\WorkShop\??\FILR\PCB\FILR\FILR.SchDoc with Res2 from HV9006_MEASUREBOARD.SCHLIB
Replace Part R21 Res2 in E:\CloudDisk\OneDrive\WorkShop\??\FILR\PCB\FILR\FILR.SchDoc with Res2 from HV9006_MEASUREBOARD.SCHLIB
Replace Part R24 Res2 in E:\CloudDisk\OneDrive\WorkShop\??\FILR\PCB\FILR\FILR.SchDoc with Res2 from HV9006_MEASUREBOARD.SCHLIB
Replace Part R25 Res2 in E:\CloudDisk\OneDrive\WorkShop\??\FILR\PCB\FILR\FILR.SchDoc with Res2 from HV9006_MEASUREBOARD.SCHLIB
Replace Part R26 Res2 in E:\CloudDisk\OneDrive\WorkShop\??\FILR\PCB\FILR\FILR.SchDoc with Res2 from Miscellaneous Devices.IntLib
Replace Part U4 RT6150A in E:\CloudDisk\OneDrive\WorkShop\??\FILR\PCB\FILR\FILR.SchDoc with RT6150A from HV9006_MEASUREBOARD.SCHLIB
Replace Part U5 1.8_TFT_8PIN_ST7735 in E:\CloudDisk\OneDrive\WorkShop\??\FILR\PCB\FILR\FILR.SchDoc with 1.8_TFT_8PIN_ST7735 from 1.8_TFT_14pin_ST7735_Rev.SchLib
Replace Part U7 HMC5883L in E:\CloudDisk\OneDrive\WorkShop\??\FILR\PCB\FILR\FILR.SchDoc with HMC5883L from HMC5883L.SchLib
