Added Component: Designator=U1(Camera)
Added Pin To Net: NetName=NetU1_1 Pin=U1-1
Added Pin To Net: NetName=LEPTON_GPIO3 Pin=U1-2
Added Pin To Net: NetName=NetU1_1 Pin=U1-6
Added Pin To Net: NetName=VCC12 Pin=U1-7
Added Pin To Net: NetName=NetU1_1 Pin=U1-8
Added Pin To Net: NetName=NetU1_1 Pin=U1-9
Added Pin To Net: NetName=NetU1_1 Pin=U1-10
Added Pin To Net: NetName=SPI_MOSI Pin=U1-11
Added Pin To Net: NetName=SPI_MISO Pin=U1-12
Added Pin To Net: NetName=SPI_CLK Pin=U1-13
Added Pin To Net: NetName=SPI_CS Pin=U1-14
Added Pin To Net: NetName=NetU1_1 Pin=U1-15
Added Pin To Net: NetName=VCC30_IO Pin=U1-16
Added Pin To Net: NetName=NetU1_1 Pin=U1-18
Added Pin To Net: NetName=VCC28A Pin=U1-19
Added Pin To Net: NetName=NetU1_1 Pin=U1-20
Added Pin To Net: NetName=SCL Pin=U1-21
Added Pin To Net: NetName=SDA Pin=U1-22
Added Pin To Net: NetName=LEPTON_PW_DWN_L Pin=U1-23
Added Pin To Net: NetName=LEPTON_RESET_L Pin=U1-24
Added Pin To Net: NetName=NetU1_1 Pin=U1-25
Added Pin To Net: NetName=MASTER_CLK Pin=U1-26
Added Pin To Net: NetName=NetU1_1 Pin=U1-27
Added Pin To Net: NetName=NetU1_1 Pin=U1-30
Added Pin To Net: NetName=NetU1_1 Pin=U1-33
Added Pin To Net: NetName=NetU1_1 Pin=U1-33
Added Pin To Net: NetName=NetU1_1 Pin=U1-33
Added Pin To Net: NetName=NetU1_1 Pin=U1-33
Added Member To Class: ClassName=FILR Member=Component U1 1050281001
