Removed Pin From Net: NetName=NetR14_2 Pin=R14-2
Removed Pin From Net: NetName=NetR14_2 Pin=R17-1
Removed Pin From Net: NetName=NetR11_2 Pin=U2-1
Removed Pin From Net: NetName=PB_STAT Pin=U2-3
Removed Pin From Net: NetName=NetSW3_2 Pin=U2-4
Removed Pin From Net: NetName=GND Pin=U2-5
Removed Pin From Net: NetName=STBY Pin=U2-6
Removed Pin From Net: NetName=NetR13_2 Pin=U2-7
Removed Pin From Net: NetName=NetC28_1 Pin=U2-8
Removed Pin From Net: NetName=NetR14_2 Pin=U2-9
Removed Pin From Net: NetName=VCC28A Pin=U2-10
Removed Pin From Net: NetName=VIN Pin=U2-11
Removed Pin From Net: NetName=VIN Pin=U2-12
Removed Pin From Net: NetName=NetL1_1 Pin=U2-13
Removed Pin From Net: NetName=NetR7_2 Pin=U2-15
Removed Pin From Net: NetName=NetR9_1 Pin=U2-16
Removed Pin From Net: NetName=VCC_LI_ION Pin=U2-17
Removed Pin From Net: NetName=VIN Pin=U2-18
Removed Pin From Net: NetName=VCCUSB50 Pin=U2-20
Removed Pin From Net: NetName=GND Pin=U2-21
Removed Pin From Net: NetName=GND Pin=U6-A1
Removed Pin From Net: NetName=GND Pin=U6-A2
Removed Pin From Net: NetName=VCC30_IO Pin=U6-A3
Removed Pin From Net: NetName=GND Pin=U6-B1
Removed Pin From Net: NetName=COMP_SCL Pin=U6-B3
Removed Pin From Net: NetName=GND Pin=U6-C1
Removed Pin From Net: NetName=COMP_SDA Pin=U6-C3
Removed Member From Class: ClassName=FILR Member=C30
Removed Member From Class: ClassName=FILR Member=C34
Removed Member From Class: ClassName=FILR Member=C36
Removed Member From Class: ClassName=FILR Member=C37
Removed Member From Class: ClassName=FILR Member=C38
Removed Member From Class: ClassName=FILR Member=C39
Removed Member From Class: ClassName=FILR Member=R25
Removed Member From Class: ClassName=FILR Member=R26
Removed Member From Class: ClassName=FILR Member=R27
Removed Member From Class: ClassName=FILR Member=R28
Change Component DesignItemId : Designator=U6 Old DesignItemId=TMP007 New DesignItemId=LTC3553-2
Change Component Footprint: Designator=U6 Old Footprint=DSBGA_8PIN New Footprint=QFN_20
Change Component Comment : Designator=U6 Old Comment=TMP007 New Comment=LTC3553-2
Change Component Designator: OldDesignator=C1 NewDesignator=C19
Change Component Designator: OldDesignator=C2 NewDesignator=C18
Change Component Designator: OldDesignator=C3 NewDesignator=C22
Change Component Designator: OldDesignator=C4 NewDesignator=C20
Change Component Designator: OldDesignator=C5 NewDesignator=C3
Change Component Designator: OldDesignator=C6 NewDesignator=C1
Change Component Designator: OldDesignator=C7 NewDesignator=C2
Change Component Designator: OldDesignator=C8 NewDesignator=C4
Change Component Designator: OldDesignator=C9 NewDesignator=C26
Change Component Designator: OldDesignator=C10 NewDesignator=C23
Change Component Designator: OldDesignator=C11 NewDesignator=C5
Change Component Designator: OldDesignator=C12 NewDesignator=C8
Change Component Designator: OldDesignator=C13 NewDesignator=C9
Change Component Designator: OldDesignator=C14 NewDesignator=C10
Change Component Designator: OldDesignator=C15 NewDesignator=C11
Change Component Designator: OldDesignator=C26 NewDesignator=C16
Change Component Designator: OldDesignator=C30 NewDesignator=C12
Change Component Designator: OldDesignator=C31 NewDesignator=C17
Change Component Designator: OldDesignator=C34 NewDesignator=C13
Change Component Designator: OldDesignator=C35 NewDesignator=C21
Change Component Designator: OldDesignator=C36 NewDesignator=C7
Change Component Designator: OldDesignator=C37 NewDesignator=C6
Change Component Designator: OldDesignator=C38 NewDesignator=C14
Change Component Designator: OldDesignator=C39 NewDesignator=C15
Change Component Designator: OldDesignator=D3 NewDesignator=D1
Change Component Designator: OldDesignator=D4 NewDesignator=D2
Change Component Designator: OldDesignator=H1 NewDesignator=H2
Change Component Designator: OldDesignator=H2 NewDesignator=H3
Change Component Designator: OldDesignator=H3 NewDesignator=H1
Change Component Designator: OldDesignator=J10 NewDesignator=J2
Change Component Designator: OldDesignator=L1 NewDesignator=L2
Change Component Designator: OldDesignator=L2 NewDesignator=L1
Change Component Designator: OldDesignator=ON NewDesignator=SW3
Change Component Designator: OldDesignator=R1 NewDesignator=R14
Change Component Designator: OldDesignator=R2 NewDesignator=R12
Change Component Designator: OldDesignator=R3 NewDesignator=R2
Change Component Designator: OldDesignator=R6 NewDesignator=R7
Change Component Designator: OldDesignator=R7 NewDesignator=R15
Change Component Designator: OldDesignator=R8 NewDesignator=R5
Change Component Designator: OldDesignator=R9 NewDesignator=R16
Change Component Designator: OldDesignator=R10 NewDesignator=R18
Change Component Designator: OldDesignator=R11 NewDesignator=R17
Change Component Designator: OldDesignator=R13 NewDesignator=R19
Change Component Designator: OldDesignator=R14 NewDesignator=R20
Change Component Designator: OldDesignator=R15 NewDesignator=R21
Change Component Designator: OldDesignator=R16 NewDesignator=R22
Change Component Designator: OldDesignator=R17 NewDesignator=R23
Change Component Designator: OldDesignator=R18 NewDesignator=R24
Change Component Designator: OldDesignator=R19 NewDesignator=R13
Change Component Designator: OldDesignator=R20 NewDesignator=R3
Change Component Designator: OldDesignator=R21 NewDesignator=R11
Change Component Designator: OldDesignator=R24 NewDesignator=R8
Change Component Designator: OldDesignator=R25 NewDesignator=R10
Change Component Designator: OldDesignator=R26 NewDesignator=R1
Change Component Designator: OldDesignator=R27 NewDesignator=R6
Change Component Designator: OldDesignator=R28 NewDesignator=R9
Change Component Designator: OldDesignator=R29 NewDesignator=R4
Change Component Designator: OldDesignator=U1 NewDesignator=U2
Change Component Designator: OldDesignator=U3 NewDesignator=U4
Change Component Designator: OldDesignator=U4 NewDesignator=U5
Change Component Designator: OldDesignator=U5 NewDesignator=U1
Change Component Designator: OldDesignator=U7 NewDesignator=U3
Change Component Designator: OldDesignator=USB NewDesignator=J1
Added Component: Designator=U7(DSBGA_8PIN)
Added Pin To Net: NetName=NetR14_2 Pin=R14-2
Added Pin To Net: NetName=NetR11_2 Pin=U6-1
Added Pin To Net: NetName=PB_STAT Pin=U6-3
Added Pin To Net: NetName=NetSW3_2 Pin=U6-4
Added Pin To Net: NetName=GND Pin=U6-5
Added Pin To Net: NetName=STBY Pin=U6-6
Added Pin To Net: NetName=NetR13_2 Pin=U6-7
Added Pin To Net: NetName=NetC28_1 Pin=U6-8
Added Pin To Net: NetName=VCC28A Pin=U6-10
Added Pin To Net: NetName=VIN Pin=U6-11
Added Pin To Net: NetName=VIN Pin=U6-12
Added Pin To Net: NetName=NetL1_1 Pin=U6-13
Added Pin To Net: NetName=NetR14_2 Pin=U6-14
Added Pin To Net: NetName=NetR7_2 Pin=U6-15
Added Pin To Net: NetName=NetR9_1 Pin=U6-16
Added Pin To Net: NetName=VCC_LI_ION Pin=U6-17
Added Pin To Net: NetName=VIN Pin=U6-18
Added Pin To Net: NetName=VCCUSB50 Pin=U6-20
Added Pin To Net: NetName=GND Pin=U6-21
Change Net Name : Old Net Name=NetC1_1 New Net Name=NetC19_1
Change Net Name : Old Net Name=NetC2_2 New Net Name=NetC18_2
Change Net Name : Old Net Name=NetC26_2 New Net Name=NetC16_2
Change Net Name : Old Net Name=NetC34_2 New Net Name=NetC13_2
Change Net Name : Old Net Name=NetC36_1 New Net Name=NetC7_1
Change Net Name : Old Net Name=NetC36_2 New Net Name=NetC7_2
Change Net Name : Old Net Name=NetC37_1 New Net Name=NetC6_1
Change Net Name : Old Net Name=NetD3_2 New Net Name=NetD1_2
Change Net Name : Old Net Name=NetD4_2 New Net Name=NetD2_2
Change Net Name : Old Net Name=NetL1_1 New Net Name=NetL2_1
Change Net Name : Old Net Name=NetL2_1 New Net Name=NetL1_1
Change Net Name : Old Net Name=NetL2_2 New Net Name=NetL1_2
Change Net Name : Old Net Name=NetR7_2 New Net Name=NetR15_2
Change Net Name : Old Net Name=NetR9_1 New Net Name=NetR16_1
Change Net Name : Old Net Name=NetR11_2 New Net Name=NetR17_2
Change Net Name : Old Net Name=NetR13_2 New Net Name=NetR19_2
Change Net Name : Old Net Name=NetR24_1 New Net Name=NetR8_1
Change Net Name : Old Net Name=NetR26_1 New Net Name=NetR1_1
Added Pin To Net: NetName=NetR20_2 Pin=R20-2
Added Pin To Net: NetName=NetR20_2 Pin=R23-1
Added Pin To Net: NetName=NetR20_2 Pin=U6-9
Added Net: Name=NetR20_2
Added Member To Class: ClassName=FILR Member=Component C18 10pF
Added Member To Class: ClassName=FILR Member=Component C19 10pF
Added Member To Class: ClassName=FILR Member=Component C20 10uF
Added Member To Class: ClassName=FILR Member=Component C22 10uF
Added Member To Class: ClassName=FILR Member=Component C23 10uF
Added Member To Class: ClassName=FILR Member=Component C26 0.1uF
Added Member To Class: ClassName=FILR Member=Component R12 2.2K
Added Member To Class: ClassName=FILR Member=Component R22 332K
Added Member To Class: ClassName=FILR Member=Component R23 806K
Added Member To Class: ClassName=FILR Member=Component R24 649K
