Change Component Designator: Old Designator=C1 New Designator=C5
Change Component Designator: Old Designator=C2 New Designator=C4
Change Component Designator: Old Designator=C3 New Designator=C16
Change Component Designator: Old Designator=C4 New Designator=C17
Change Component Designator: Old Designator=C5 New Designator=C28
Change Component Designator: Old Designator=C6 New Designator=C26
Change Component Designator: Old Designator=C7 New Designator=C27
Change Component Designator: Old Designator=C8 New Designator=C29
Change Component Designator: Old Designator=C9 New Designator=C10
Change Component Designator: Old Designator=C10 New Designator=C25
Change Component Designator: Old Designator=C11 New Designator=C3
Change Component Designator: Old Designator=C12 New Designator=C8
Change Component Designator: Old Designator=C13 New Designator=C12
Change Component Designator: Old Designator=C25 New Designator=C20
Change Component Designator: Old Designator=C26 New Designator=C7
Change Component Designator: Old Designator=C27 New Designator=C23
Change Component Designator: Old Designator=C28 New Designator=C18
Change Component Designator: Old Designator=C29 New Designator=C22
Change Component Designator: Old Designator=C30 New Designator=C11
Change Component Designator: Old Designator=C31 New Designator=C9
Change Component Designator: Old Designator=C34 New Designator=C13
Change Component Designator: Old Designator=C35 New Designator=C19
Change Component Designator: Old Designator=C36 New Designator=C1
Change Component Designator: Old Designator=C37 New Designator=C2
Change Component Designator: Old Designator=C38 New Designator=C6
Change Component Designator: Old Designator=C39 New Designator=C21
Change Component Designator: Old Designator=D3 New Designator=D1
Change Component Designator: Old Designator=H1 New Designator=H2
Change Component Designator: Old Designator=H2 New Designator=H3
Change Component Designator: Old Designator=H3 New Designator=H1
Change Component Designator: Old Designator=J10 New Designator=J1
Change Component Designator: Old Designator=L1 New Designator=L2
Change Component Designator: Old Designator=L2 New Designator=L1
Change Component Designator: Old Designator=R2 New Designator=R22
Change Component Designator: Old Designator=R3 New Designator=R1
Change Component Designator: Old Designator=R6 New Designator=R3
Change Component Designator: Old Designator=R7 New Designator=R11
Change Component Designator: Old Designator=R8 New Designator=R19
Change Component Designator: Old Designator=R9 New Designator=R12
Change Component Designator: Old Designator=R10 New Designator=R8
Change Component Designator: Old Designator=R11 New Designator=R5
Change Component Designator: Old Designator=R13 New Designator=R14
Change Component Designator: Old Designator=R14 New Designator=R13
Change Component Designator: Old Designator=R15 New Designator=R4
Change Component Designator: Old Designator=R16 New Designator=R7
Change Component Designator: Old Designator=R17 New Designator=R15
Change Component Designator: Old Designator=R18 New Designator=R6
Change Component Designator: Old Designator=R19 New Designator=R21
Change Component Designator: Old Designator=R20 New Designator=R2
Change Component Designator: Old Designator=R21 New Designator=R20
Change Component Designator: Old Designator=R24 New Designator=R10
Change Component Designator: Old Designator=R25 New Designator=R9
Change Component Designator: Old Designator=R26 New Designator=R23
Change Component Designator: Old Designator=R27 New Designator=R16
Change Component Designator: Old Designator=R28 New Designator=R18
Change Component Designator: Old Designator=R29 New Designator=R17
Change Component Designator: Old Designator=U1 New Designator=U3
Change Component Designator: Old Designator=U2 New Designator=U6
Change Component Designator: Old Designator=U3 New Designator=U5
Change Component Designator: Old Designator=U4 New Designator=U7
Change Component Designator: Old Designator=U5 New Designator=U1
Change Component Designator: Old Designator=U6 New Designator=U4
Change Component Designator: Old Designator=U7 New Designator=U2
Change Component Designator: Old Designator=Y1 New Designator=Y2
Change Component Designator: Old Designator=Y2 New Designator=Y1
